Arguments: 
  /usr/local/Cellar/node/10.8.0/bin/node /usr/local/bin/yarn install

PATH: 
  /usr/local/bin:/usr/bin:/bin:/usr/sbin:/sbin

Yarn version: 
  1.9.4

Node version: 
  10.8.0

Platform: 
  darwin x64

Trace: 
  SyntaxError: /Users/michaelawhite/Desktop/Coding Bootcamp/nyt-react/nyt-react1/nyt-react/package.json: Unexpected end of JSON input
      at JSON.parse (<anonymous>)
      at /usr/local/lib/node_modules/yarn/lib/cli.js:1130:59
      at Generator.next (<anonymous>)
      at step (/usr/local/lib/node_modules/yarn/lib/cli.js:92:30)
      at /usr/local/lib/node_modules/yarn/lib/cli.js:103:13

npm manifest: 
  

yarn manifest: 
  No manifest

Lockfile: 
  No lockfile
